X X X X 1 X X X 1 X X X X 1 X X 1 X X X X 
X X X 1 1 X X X X 1 X X X 1 X X X X X 1 X 
X X X 1 X X X X X 1 X X 1 1 X X 1 X X X 1 
X 1 1 X X X 1 X 1 1 X 1 X 1 X X X 1 X X X 
X 1 1 1 X X 1 X X X X 1 X X X 1 X X X X X 
1 1 X X X X X X X X X X X 1 1 X X X 1 X X 
X X X X X X X X X X X X X X X X 1 X 1 X X 
X X 1 X 1 X X X X X X X X X X X X X X X X 
X X X X X X X X X X X X X X 1 1 X X 1 X X 
X X X 1 X X X X X 1 1 1 1 X X 1 X X X X X 
X X X X 1 X X X X 1 X X X X X X X X X X 1 
X X X X X X X X X X X X X X X X X X 1 X X 
X 1 X X X 1 X 1 X X X X X X 1 1 X X X X X 
X X X X X X X X X X X 1 1 X X X X 1 1 X X 
X 1 X X X 1 X X 1 1 1 1 X X X X X X X X 1 
X X X 1 1 X X X 1 X X X X X X X 1 X X X X 
X X X X X X X X X X X X X X 1 X 1 X X 1 X 
X X X X X X 1 X X 1 1 X X X X 1 X X 1 X X 
X X X X X X X X X 1 X X X X X X 1 X X X X 
X 1 X X X X X X X X X X X X X 1 X X X X X 
X 1 X X X 1 X X X X X X X X X X X 1 X X X 

X X X X 2 X X X 0 X X X X 0 X X 0 X X X X 
X X X 2 2 X X X X 2 X X X 2 X X X X X 0 X 
X X X 2 X X X X X 2 X X 0 2 X X 0 X X X 0 
X 2 0 X X X 0 X 2 2 X 2 X 2 X X X 0 X X X 
X 0 0 2 X X 0 X X X X 0 X X X 0 X X X X X 
2 2 X X X X X X X X X X X 0 2 X X X 0 X X 
X X X X X X X X X X X X X X X X 0 X 0 X X 
X X 0 X 0 X X X X X X X X X X X X X X X X 
X X X X X X X X X X X X X X 2 2 X X 0 X X 
X X X 0 X X X X X 2 2 2 0 X X 2 X X X X X 
X X X X 0 X X X X 2 X X X X X X X X X X 0 
X X X X X X X X X X X X X X X X X X 0 X X 
X 0 X X X 0 X 0 X X X X X X 0 0 X X X X X 
X X X X X X X X X X X 2 2 X X X X 0 0 X X 
X 0 X X X 0 X X 2 2 2 2 X X X X X X X X 0 
X X X 0 2 X X X 2 X X X X X X X 0 X X X X 
X X X X X X X X X X X X X X 0 X 2 X X 0 X 
X X X X X X 0 X X 2 2 X X X X 2 X X 0 X X 
X X X X X X X X X 2 X X X X X X 2 X X X X 
X 0 X X X X X X X X X X X X X 0 X X X X X 
X 0 X X X 0 X X X X X X X X X X X 0 X X X 

X X X X 3 X X X 0 X X X X 0 X X 0 X X X X 
X X X 3 3 X X X X 0 X X X 0 X X X X X 0 X 
X X X 3 X X X X X 3 X X 0 3 X X 0 X X X 0 
X 0 1 X X X 0 X 3 3 X 0 X 0 X X X 0 X X X 
X 1 1 0 X X 0 X X X X 0 X X X 0 X X X X X 
0 0 X X X X X X X X X X X 0 0 X X X 0 X X 
X X X X X X X X X X X X X X X X 0 X 0 X X 
X X 0 X 0 X X X X X X X X X X X X X X X X 
X X X X X X X X X X X X X X 3 3 X X 0 X X 
X X X 0 X X X X X 3 3 0 0 X X 3 X X X X X 
X X X X 0 X X X X 3 X X X X X X X X X X 0 
X X X X X X X X X X X X X X X X X X 0 X X 
X 0 X X X 0 X 0 X X X X X X 0 0 X X X X X 
X X X X X X X X X X X 3 3 X X X X 0 0 X X 
X 0 X X X 0 X X 3 3 3 3 X X X X X X X X 0 
X X X 0 0 X X X 3 X X X X X X X 0 X X X X 
X X X X X X X X X X X X X X 0 X 0 X X 0 X 
X X X X X X 0 X X 3 3 X X X X 3 X X 0 X X 
X X X X X X X X X 3 X X X X X X 0 X X X X 
X 0 X X X X X X X X X X X X X 0 X X X X X 
X 0 X X X 0 X X X X X X X X X X X 0 X X X 

X X X X 4 X X X 0 X X X X 0 X X 0 X X X X 
X X X 4 4 X X X X 0 X X X 0 X X X X X 0 X 
X X X 4 X X X X X 4 X X 0 0 X X 0 X X X 0 
X 1 2 X X X 0 X 4 4 X 0 X 0 X X X 0 X X X 
X 2 2 0 X X 0 X X X X 0 X X X 0 X X X X X 
0 0 X X X X X X X X X X X 0 0 X X X 0 X X 
X X X X X X X X X X X X X X X X 0 X 0 X X 
X X 0 X 0 X X X X X X X X X X X X X X X X 
X X X X X X X X X X X X X X 4 4 X X 0 X X 
X X X 0 X X X X X 4 4 0 0 X X 4 X X X X X 
X X X X 0 X X X X 4 X X X X X X X X X X 0 
X X X X X X X X X X X X X X X X X X 0 X X 
X 0 X X X 0 X 0 X X X X X X 0 0 X X X X X 
X X X X X X X X X X X 4 4 X X X X 0 0 X X 
X 0 X X X 0 X X 4 4 4 4 X X X X X X X X 0 
X X X 0 0 X X X 4 X X X X X X X 0 X X X X 
X X X X X X X X X X X X X X 0 X 0 X X 0 X 
X X X X X X 0 X X 4 4 X X X X 0 X X 0 X X 
X X X X X X X X X 4 X X X X X X 0 X X X X 
X 0 X X X X X X X X X X X X X 0 X X X X X 
X 0 X X X 0 X X X X X X X X X X X 0 X X X 

X X X X 5 X X X 0 X X X X 0 X X 0 X X X X 
X X X 5 5 X X X X 0 X X X 0 X X X X X 0 X 
X X X 5 X X X X X 5 X X 0 0 X X 0 X X X 0 
X 2 0 X X X 0 X 5 5 X 0 X 0 X X X 0 X X X 
X 3 3 0 X X 0 X X X X 0 X X X 0 X X X X X 
0 0 X X X X X X X X X X X 0 0 X X X 0 X X 
X X X X X X X X X X X X X X X X 0 X 0 X X 
X X 0 X 0 X X X X X X X X X X X X X X X X 
X X X X X X X X X X X X X X 5 5 X X 0 X X 
X X X 0 X X X X X 5 5 0 0 X X 5 X X X X X 
X X X X 0 X X X X 5 X X X X X X X X X X 0 
X X X X X X X X X X X X X X X X X X 0 X X 
X 0 X X X 0 X 0 X X X X X X 0 0 X X X X X 
X X X X X X X X X X X 5 5 X X X X 0 0 X X 
X 0 X X X 0 X X 5 5 5 5 X X X X X X X X 0 
X X X 0 0 X X X 5 X X X X X X X 0 X X X X 
X X X X X X X X X X X X X X 0 X 0 X X 0 X 
X X X X X X 0 X X 5 5 X X X X 0 X X 0 X X 
X X X X X X X X X 5 X X X X X X 0 X X X X 
X 0 X X X X X X X X X X X X X 0 X X X X X 
X 0 X X X 0 X X X X X X X X X X X 0 X X X 

X X X X 6 X X X 0 X X X X 0 X X 0 X X X X 
X X X 6 6 X X X X 0 X X X 0 X X X X X 0 X 
X X X 6 X X X X X 6 X X 0 0 X X 0 X X X 0 
X 3 0 X X X 0 X 6 6 X 0 X 0 X X X 0 X X X 
X 4 4 0 X X 0 X X X X 0 X X X 0 X X X X X 
0 0 X X X X X X X X X X X 0 0 X X X 0 X X 
X X X X X X X X X X X X X X X X 0 X 0 X X 
X X 0 X 0 X X X X X X X X X X X X X X X X 
X X X X X X X X X X X X X X 6 6 X X 0 X X 
X X X 0 X X X X X 6 6 0 0 X X 6 X X X X X 
X X X X 0 X X X X 6 X X X X X X X X X X 0 
X X X X X X X X X X X X X X X X X X 0 X X 
X 0 X X X 0 X 0 X X X X X X 0 0 X X X X X 
X X X X X X X X X X X 6 6 X X X X 0 0 X X 
X 0 X X X 0 X X 6 6 6 6 X X X X X X X X 0 
X X X 0 0 X X X 6 X X X X X X X 0 X X X X 
X X X X X X X X X X X X X X 0 X 0 X X 0 X 
X X X X X X 0 X X 6 6 X X X X 0 X X 0 X X 
X X X X X X X X X 6 X X X X X X 0 X X X X 
X 0 X X X X X X X X X X X X X 0 X X X X X 
X 0 X X X 0 X X X X X X X X X X X 0 X X X 

X X X X 7 X X X 0 X X X X 0 X X 0 X X X X 
X X X 7 7 X X X X 0 X X X 0 X X X X X 0 X 
X X X 7 X X X X X 7 X X 0 0 X X 0 X X X 0 
X 4 0 X X X 0 X 7 7 X 0 X 0 X X X 0 X X X 
X 5 5 0 X X 0 X X X X 0 X X X 0 X X X X X 
0 0 X X X X X X X X X X X 0 0 X X X 0 X X 
X X X X X X X X X X X X X X X X 0 X 0 X X 
X X 0 X 0 X X X X X X X X X X X X X X X X 
X X X X X X X X X X X X X X 7 7 X X 0 X X 
X X X 0 X X X X X 7 7 0 0 X X 7 X X X X X 
X X X X 0 X X X X 7 X X X X X X X X X X 0 
X X X X X X X X X X X X X X X X X X 0 X X 
X 0 X X X 0 X 0 X X X X X X 0 0 X X X X X 
X X X X X X X X X X X 7 7 X X X X 0 0 X X 
X 0 X X X 0 X X 7 7 7 7 X X X X X X X X 0 
X X X 0 0 X X X 7 X X X X X X X 0 X X X X 
X X X X X X X X X X X X X X 0 X 0 X X 0 X 
X X X X X X 0 X X 7 7 X X X X 0 X X 0 X X 
X X X X X X X X X 7 X X X X X X 0 X X X X 
X 0 X X X X X X X X X X X X X 0 X X X X X 
X 0 X X X 0 X X X X X X X X X X X 0 X X X 

X X X X 8 X X X 0 X X X X 0 X X 0 X X X X 
X X X 8 8 X X X X 0 X X X 0 X X X X X 0 X 
X X X 8 X X X X X 8 X X 0 0 X X 0 X X X 0 
X 5 0 X X X 0 X 8 8 X 0 X 0 X X X 0 X X X 
X 6 6 0 X X 0 X X X X 0 X X X 0 X X X X X 
0 0 X X X X X X X X X X X 0 0 X X X 0 X X 
X X X X X X X X X X X X X X X X 0 X 0 X X 
X X 0 X 0 X X X X X X X X X X X X X X X X 
X X X X X X X X X X X X X X 8 8 X X 0 X X 
X X X 0 X X X X X 8 8 0 0 X X 8 X X X X X 
X X X X 0 X X X X 8 X X X X X X X X X X 0 
X X X X X X X X X X X X X X X X X X 0 X X 
X 0 X X X 0 X 0 X X X X X X 0 0 X X X X X 
X X X X X X X X X X X 8 8 X X X X 0 0 X X 
X 0 X X X 0 X X 8 8 8 8 X X X X X X X X 0 
X X X 0 0 X X X 8 X X X X X X X 0 X X X X 
X X X X X X X X X X X X X X 0 X 0 X X 0 X 
X X X X X X 0 X X 8 8 X X X X 0 X X 0 X X 
X X X X X X X X X 8 X X X X X X 0 X X X X 
X 0 X X X X X X X X X X X X X 0 X X X X X 
X 0 X X X 0 X X X X X X X X X X X 0 X X X 

X X X X 9 X X X 0 X X X X 0 X X 0 X X X X 
X X X 9 9 X X X X 0 X X X 0 X X X X X 0 X 
X X X 9 X X X X X 9 X X 0 0 X X 0 X X X 0 
X 6 0 X X X 0 X 9 9 X 0 X 0 X X X 0 X X X 
X 7 7 0 X X 0 X X X X 0 X X X 0 X X X X X 
0 0 X X X X X X X X X X X 0 0 X X X 0 X X 
X X X X X X X X X X X X X X X X 0 X 0 X X 
X X 0 X 0 X X X X X X X X X X X X X X X X 
X X X X X X X X X X X X X X 9 9 X X 0 X X 
X X X 0 X X X X X 9 9 0 0 X X 9 X X X X X 
X X X X 0 X X X X 9 X X X X X X X X X X 0 
X X X X X X X X X X X X X X X X X X 0 X X 
X 0 X X X 0 X 0 X X X X X X 0 0 X X X X X 
X X X X X X X X X X X 9 9 X X X X 0 0 X X 
X 0 X X X 0 X X 9 9 9 9 X X X X X X X X 0 
X X X 0 0 X X X 9 X X X X X X X 0 X X X X 
X X X X X X X X X X X X X X 0 X 0 X X 0 X 
X X X X X X 0 X X 9 9 X X X X 0 X X 0 X X 
X X X X X X X X X 9 X X X X X X 0 X X X X 
X 0 X X X X X X X X X X X X X 0 X X X X X 
X 0 X X X 0 X X X X X X X X X X X 0 X X X 

X X X X A X X X 0 X X X X 0 X X 0 X X X X 
X X X A A X X X X 0 X X X 0 X X X X X 0 X 
X X X A X X X X X A X X 0 0 X X 0 X X X 0 
X 7 0 X X X 0 X A A X 0 X 0 X X X 0 X X X 
X 8 8 0 X X 0 X X X X 0 X X X 0 X X X X X 
0 0 X X X X X X X X X X X 0 0 X X X 0 X X 
X X X X X X X X X X X X X X X X 0 X 0 X X 
X X 0 X 0 X X X X X X X X X X X X X X X X 
X X X X X X X X X X X X X X A A X X 0 X X 
X X X 0 X X X X X A A 0 0 X X A X X X X X 
X X X X 0 X X X X A X X X X X X X X X X 0 
X X X X X X X X X X X X X X X X X X 0 X X 
X 0 X X X 0 X 0 X X X X X X 0 0 X X X X X 
X X X X X X X X X X X A A X X X X 0 0 X X 
X 0 X X X 0 X X A A A A X X X X X X X X 0 
X X X 0 0 X X X A X X X X X X X 0 X X X X 
X X X X X X X X X X X X X X 0 X 0 X X 0 X 
X X X X X X 0 X X A A X X X X 0 X X 0 X X 
X X X X X X X X X A X X X X X X 0 X X X X 
X 0 X X X X X X X X X X X X X 0 X X X X X 
X 0 X X X 0 X X X X X X X X X X X 0 X X X 

X X X X B X X X 0 X X X X 0 X X 0 X X X X 
X X X B B X X X X 0 X X X 0 X X X X X 0 X 
X X X B X X X X X B X X 0 0 X X 0 X X X 0 
X 8 0 X X X 0 X B B X 0 X 0 X X X 0 X X X 
X 9 9 0 X X 0 X X X X 0 X X X 0 X X X X X 
0 0 X X X X X X X X X X X 0 0 X X X 0 X X 
X X X X X X X X X X X X X X X X 0 X 0 X X 
X X 0 X 0 X X X X X X X X X X X X X X X X 
X X X X X X X X X X X X X X B B X X 0 X X 
X X X 0 X X X X X B B 0 0 X X B X X X X X 
X X X X 0 X X X X B X X X X X X X X X X 0 
X X X X X X X X X X X X X X X X X X 0 X X 
X 0 X X X 0 X 0 X X X X X X 0 0 X X X X X 
X X X X X X X X X X X B B X X X X 0 0 X X 
X 0 X X X 0 X X B B B B X X X X X X X X 0 
X X X 0 0 X X X B X X X X X X X 0 X X X X 
X X X X X X X X X X X X X X 0 X 0 X X 0 X 
X X X X X X 0 X X B B X X X X 0 X X 0 X X 
X X X X X X X X X B X X X X X X 0 X X X X 
X 0 X X X X X X X X X X X X X 0 X X X X X 
X 0 X X X 0 X X X X X X X X X X X 0 X X X 
